{"/home/matteo2001/Desktop/server_raccolta_latte_backup/src/app.ts": {"path":"/home/matteo2001/Desktop/server_raccolta_latte_backup/src/app.ts","statementMap":{"0":{"start":{"line":1,"column":0},"end":{"line":1,"column":61}},"1":{"start":{"line":2,"column":0},"end":{"line":2,"column":27}},"2":{"start":{"line":3,"column":0},"end":{"line":3,"column":36}},"3":{"start":{"line":4,"column":0},"end":{"line":4,"column":23}},"4":{"start":{"line":5,"column":0},"end":{"line":5,"column":27}},"5":{"start":{"line":6,"column":0},"end":{"line":6,"column":25}},"6":{"start":{"line":7,"column":0},"end":{"line":7,"column":19}},"7":{"start":{"line":8,"column":0},"end":{"line":8,"column":53}},"8":{"start":{"line":9,"column":0},"end":{"line":9,"column":33}},"9":{"start":{"line":10,"column":0},"end":{"line":10,"column":20}},"10":{"start":{"line":11,"column":0},"end":{"line":11,"column":79}},"11":{"start":{"line":12,"column":0},"end":{"line":12,"column":52}},"12":{"start":{"line":13,"column":0},"end":{"line":13,"column":57}},"13":{"start":{"line":14,"column":0},"end":{"line":14,"column":71}},"14":{"start":{"line":15,"column":0},"end":{"line":15,"column":36}},"15":{"start":{"line":18,"column":0},"end":{"line":18,"column":null}},"16":{"start":{"line":21,"column":21},"end":{"line":21,"column":30}},"17":{"start":{"line":122,"column":9},"end":{"line":122,"column":12}},"18":{"start":{"line":22,"column":13},"end":{"line":22,"column":29}},"19":{"start":{"line":25,"column":26},"end":{"line":25,"column":141}},"20":{"start":{"line":26,"column":17},"end":{"line":26,"column":57}},"21":{"start":{"line":28,"column":0},"end":{"line":28,"column":null}},"22":{"start":{"line":29,"column":0},"end":{"line":29,"column":null}},"23":{"start":{"line":30,"column":0},"end":{"line":30,"column":null}},"24":{"start":{"line":31,"column":0},"end":{"line":31,"column":null}},"25":{"start":{"line":32,"column":0},"end":{"line":32,"column":null}},"26":{"start":{"line":36,"column":4},"end":{"line":36,"column":null}},"27":{"start":{"line":37,"column":4},"end":{"line":38,"column":null}},"28":{"start":{"line":38,"column":8},"end":{"line":38,"column":null}},"29":{"start":{"line":39,"column":26},"end":{"line":39,"column":57}},"30":{"start":{"line":40,"column":17},"end":{"line":40,"column":68}},"31":{"start":{"line":41,"column":4},"end":{"line":41,"column":null}},"32":{"start":{"line":42,"column":4},"end":{"line":42,"column":null}},"33":{"start":{"line":122,"column":14},"end":{"line":122,"column":25}},"34":{"start":{"line":47,"column":0},"end":{"line":52,"column":null}},"35":{"start":{"line":48,"column":4},"end":{"line":48,"column":null}},"36":{"start":{"line":49,"column":4},"end":{"line":49,"column":null}},"37":{"start":{"line":50,"column":18},"end":{"line":50,"column":58}},"38":{"start":{"line":51,"column":4},"end":{"line":51,"column":null}},"39":{"start":{"line":54,"column":0},"end":{"line":56,"column":null}},"40":{"start":{"line":55,"column":4},"end":{"line":55,"column":null}},"41":{"start":{"line":58,"column":0},"end":{"line":69,"column":null}},"42":{"start":{"line":58,"column":93},"end":{"line":69,"column":2}},"43":{"start":{"line":59,"column":4},"end":{"line":62,"column":null}},"44":{"start":{"line":60,"column":8},"end":{"line":60,"column":null}},"45":{"start":{"line":61,"column":8},"end":{"line":61,"column":14}},"46":{"start":{"line":63,"column":21},"end":{"line":63,"column":38}},"47":{"start":{"line":64,"column":21},"end":{"line":64,"column":38}},"48":{"start":{"line":65,"column":18},"end":{"line":65,"column":32}},"49":{"start":{"line":66,"column":4},"end":{"line":66,"column":null}},"50":{"start":{"line":67,"column":4},"end":{"line":67,"column":null}},"51":{"start":{"line":68,"column":4},"end":{"line":68,"column":null}},"52":{"start":{"line":71,"column":0},"end":{"line":74,"column":null}},"53":{"start":{"line":71,"column":92},"end":{"line":74,"column":2}},"54":{"start":{"line":72,"column":18},"end":{"line":72,"column":34}},"55":{"start":{"line":73,"column":4},"end":{"line":73,"column":null}},"56":{"start":{"line":76,"column":0},"end":{"line":94,"column":null}},"57":{"start":{"line":76,"column":104},"end":{"line":94,"column":2}},"58":{"start":{"line":77,"column":4},"end":{"line":80,"column":null}},"59":{"start":{"line":78,"column":8},"end":{"line":78,"column":null}},"60":{"start":{"line":79,"column":8},"end":{"line":79,"column":14}},"61":{"start":{"line":82,"column":17},"end":{"line":82,"column":51}},"62":{"start":{"line":84,"column":4},"end":{"line":87,"column":null}},"63":{"start":{"line":85,"column":8},"end":{"line":85,"column":null}},"64":{"start":{"line":86,"column":8},"end":{"line":86,"column":14}},"65":{"start":{"line":89,"column":21},"end":{"line":89,"column":85}},"66":{"start":{"line":90,"column":18},"end":{"line":90,"column":73}},"67":{"start":{"line":91,"column":4},"end":{"line":91,"column":null}},"68":{"start":{"line":92,"column":4},"end":{"line":92,"column":null}},"69":{"start":{"line":93,"column":4},"end":{"line":93,"column":null}},"70":{"start":{"line":96,"column":0},"end":{"line":107,"column":null}},"71":{"start":{"line":96,"column":105},"end":{"line":107,"column":2}},"72":{"start":{"line":97,"column":17},"end":{"line":97,"column":51}},"73":{"start":{"line":99,"column":4},"end":{"line":102,"column":null}},"74":{"start":{"line":100,"column":8},"end":{"line":100,"column":null}},"75":{"start":{"line":101,"column":8},"end":{"line":101,"column":14}},"76":{"start":{"line":104,"column":4},"end":{"line":104,"column":null}},"77":{"start":{"line":105,"column":4},"end":{"line":105,"column":null}},"78":{"start":{"line":106,"column":4},"end":{"line":106,"column":null}},"79":{"start":{"line":110,"column":0},"end":{"line":120,"column":null}},"80":{"start":{"line":111,"column":4},"end":{"line":119,"column":7}},"81":{"start":{"line":117,"column":30},"end":{"line":119,"column":6}},"82":{"start":{"line":118,"column":8},"end":{"line":118,"column":null}}},"fnMap":{"0":{"name":"startServer","decl":{"start":{"line":34,"column":15},"end":{"line":34,"column":26}},"loc":{"start":{"line":34,"column":26},"end":{"line":44,"column":null}}},"1":{"name":"(anonymous_10)","decl":{"start":{"line":47,"column":55},"end":{"line":47,"column":56}},"loc":{"start":{"line":47,"column":87},"end":{"line":52,"column":1}}},"2":{"name":"(anonymous_11)","decl":{"start":{"line":54,"column":35},"end":{"line":54,"column":36}},"loc":{"start":{"line":54,"column":67},"end":{"line":56,"column":1}}},"3":{"name":"(anonymous_12)","decl":{"start":{"line":58,"column":55},"end":{"line":58,"column":62}},"loc":{"start":{"line":58,"column":93},"end":{"line":69,"column":2}}},"4":{"name":"(anonymous_13)","decl":{"start":{"line":58,"column":93},"end":{"line":58,"column":null}},"loc":{"start":{"line":58,"column":93},"end":{"line":69,"column":1}}},"5":{"name":"(anonymous_14)","decl":{"start":{"line":71,"column":54},"end":{"line":71,"column":61}},"loc":{"start":{"line":71,"column":92},"end":{"line":74,"column":2}}},"6":{"name":"(anonymous_15)","decl":{"start":{"line":71,"column":92},"end":{"line":71,"column":null}},"loc":{"start":{"line":71,"column":92},"end":{"line":74,"column":1}}},"7":{"name":"(anonymous_16)","decl":{"start":{"line":76,"column":66},"end":{"line":76,"column":73}},"loc":{"start":{"line":76,"column":104},"end":{"line":94,"column":2}}},"8":{"name":"(anonymous_17)","decl":{"start":{"line":76,"column":104},"end":{"line":76,"column":null}},"loc":{"start":{"line":76,"column":104},"end":{"line":94,"column":1}}},"9":{"name":"(anonymous_18)","decl":{"start":{"line":96,"column":67},"end":{"line":96,"column":74}},"loc":{"start":{"line":96,"column":105},"end":{"line":107,"column":2}}},"10":{"name":"(anonymous_19)","decl":{"start":{"line":96,"column":105},"end":{"line":96,"column":null}},"loc":{"start":{"line":96,"column":105},"end":{"line":107,"column":1}}},"11":{"name":"(anonymous_20)","decl":{"start":{"line":117,"column":19},"end":{"line":117,"column":28}},"loc":{"start":{"line":117,"column":30},"end":{"line":119,"column":6}}},"12":{"name":"(anonymous_21)","decl":{"start":{"line":117,"column":30},"end":{"line":117,"column":null}},"loc":{"start":{"line":117,"column":30},"end":{"line":119,"column":5}}}},"branchMap":{"0":{"loc":{"start":{"line":25,"column":26},"end":{"line":25,"column":141}},"type":"binary-expr","locations":[{"start":{"line":25,"column":26},"end":{"line":25,"column":55}},{"start":{"line":25,"column":59},"end":{"line":25,"column":141}}]},"1":{"loc":{"start":{"line":26,"column":17},"end":{"line":26,"column":57}},"type":"binary-expr","locations":[{"start":{"line":26,"column":17},"end":{"line":26,"column":37}},{"start":{"line":26,"column":41},"end":{"line":26,"column":57}}]},"2":{"loc":{"start":{"line":37,"column":4},"end":{"line":38,"column":null}},"type":"if","locations":[{"start":{"line":37,"column":4},"end":{"line":38,"column":null}}]},"3":{"loc":{"start":{"line":40,"column":17},"end":{"line":40,"column":68}},"type":"binary-expr","locations":[{"start":{"line":40,"column":17},"end":{"line":40,"column":51}},{"start":{"line":40,"column":55},"end":{"line":40,"column":68}}]},"4":{"loc":{"start":{"line":59,"column":4},"end":{"line":62,"column":null}},"type":"if","locations":[{"start":{"line":59,"column":4},"end":{"line":62,"column":null}}]},"5":{"loc":{"start":{"line":59,"column":8},"end":{"line":59,"column":91}},"type":"binary-expr","locations":[{"start":{"line":59,"column":8},"end":{"line":59,"column":34}},{"start":{"line":59,"column":38},"end":{"line":59,"column":64}},{"start":{"line":59,"column":68},"end":{"line":59,"column":91}}]},"6":{"loc":{"start":{"line":77,"column":4},"end":{"line":80,"column":null}},"type":"if","locations":[{"start":{"line":77,"column":4},"end":{"line":80,"column":null}}]},"7":{"loc":{"start":{"line":77,"column":8},"end":{"line":77,"column":45}},"type":"binary-expr","locations":[{"start":{"line":77,"column":8},"end":{"line":77,"column":26}},{"start":{"line":77,"column":30},"end":{"line":77,"column":45}}]},"8":{"loc":{"start":{"line":84,"column":4},"end":{"line":87,"column":null}},"type":"if","locations":[{"start":{"line":84,"column":4},"end":{"line":87,"column":null}}]},"9":{"loc":{"start":{"line":89,"column":21},"end":{"line":89,"column":85}},"type":"cond-expr","locations":[{"start":{"line":89,"column":52},"end":{"line":89,"column":69}},{"start":{"line":89,"column":72},"end":{"line":89,"column":85}}]},"10":{"loc":{"start":{"line":90,"column":18},"end":{"line":90,"column":73}},"type":"cond-expr","locations":[{"start":{"line":90,"column":46},"end":{"line":90,"column":60}},{"start":{"line":90,"column":63},"end":{"line":90,"column":73}}]},"11":{"loc":{"start":{"line":99,"column":4},"end":{"line":102,"column":null}},"type":"if","locations":[{"start":{"line":99,"column":4},"end":{"line":102,"column":null}}]},"12":{"loc":{"start":{"line":110,"column":0},"end":{"line":120,"column":null}},"type":"if","locations":[{"start":{"line":110,"column":0},"end":{"line":120,"column":null}}]}},"s":{"0":1,"1":1,"2":1,"3":1,"4":1,"5":1,"6":1,"7":1,"8":1,"9":1,"10":1,"11":1,"12":1,"13":1,"14":1,"15":1,"16":1,"17":1,"18":1,"19":1,"20":1,"21":1,"22":1,"23":1,"24":1,"25":1,"26":0,"27":0,"28":0,"29":0,"30":0,"31":0,"32":0,"33":1,"34":1,"35":0,"36":0,"37":0,"38":0,"39":1,"40":0,"41":1,"42":0,"43":0,"44":0,"45":0,"46":0,"47":0,"48":0,"49":0,"50":0,"51":0,"52":1,"53":0,"54":0,"55":0,"56":1,"57":0,"58":0,"59":0,"60":0,"61":0,"62":0,"63":0,"64":0,"65":0,"66":0,"67":0,"68":0,"69":0,"70":1,"71":0,"72":0,"73":0,"74":0,"75":0,"76":0,"77":0,"78":0,"79":1,"80":0,"81":0,"82":0},"f":{"0":0,"1":0,"2":0,"3":0,"4":0,"5":0,"6":0,"7":0,"8":0,"9":0,"10":0,"11":0,"12":0},"b":{"0":[1,0],"1":[1,0],"2":[0],"3":[0,0],"4":[0],"5":[0,0,0],"6":[0],"7":[0,0],"8":[0],"9":[0,0],"10":[0,0],"11":[0],"12":[0]}}
,"/home/matteo2001/Desktop/server_raccolta_latte_backup/src/lib/auth.ts": {"path":"/home/matteo2001/Desktop/server_raccolta_latte_backup/src/lib/auth.ts","statementMap":{"0":{"start":{"line":2,"column":0},"end":{"line":2,"column":31}},"1":{"start":{"line":3,"column":0},"end":{"line":3,"column":36}},"2":{"start":{"line":4,"column":0},"end":{"line":4,"column":29}},"3":{"start":{"line":9,"column":25},"end":{"line":9,"column":44}},"4":{"start":{"line":10,"column":29},"end":{"line":10,"column":48}},"5":{"start":{"line":12,"column":15},"end":{"line":12,"column":80}},"6":{"start":{"line":13,"column":4},"end":{"line":26,"column":null}},"7":{"start":{"line":14,"column":8},"end":{"line":22,"column":null}},"8":{"start":{"line":15,"column":12},"end":{"line":15,"column":null}},"9":{"start":{"line":16,"column":12},"end":{"line":16,"column":null}},"10":{"start":{"line":17,"column":12},"end":{"line":17,"column":null}},"11":{"start":{"line":18,"column":12},"end":{"line":18,"column":null}},"12":{"start":{"line":20,"column":12},"end":{"line":20,"column":null}},"13":{"start":{"line":21,"column":12},"end":{"line":21,"column":null}},"14":{"start":{"line":24,"column":8},"end":{"line":24,"column":null}},"15":{"start":{"line":25,"column":8},"end":{"line":25,"column":null}},"16":{"start":{"line":37,"column":9},"end":{"line":37,"column":25}},"17":{"start":{"line":30,"column":4},"end":{"line":34,"column":null}},"18":{"start":{"line":31,"column":8},"end":{"line":31,"column":null}},"19":{"start":{"line":33,"column":8},"end":{"line":33,"column":null}},"20":{"start":{"line":37,"column":27},"end":{"line":37,"column":37}}},"fnMap":{"0":{"name":"authenticateUser","decl":{"start":{"line":8,"column":15},"end":{"line":8,"column":31}},"loc":{"start":{"line":8,"column":79},"end":{"line":27,"column":null}}},"1":{"name":"checkAdmin","decl":{"start":{"line":29,"column":15},"end":{"line":29,"column":25}},"loc":{"start":{"line":29,"column":73},"end":{"line":35,"column":null}}}},"branchMap":{"0":{"loc":{"start":{"line":13,"column":4},"end":{"line":26,"column":null}},"type":"if","locations":[{"start":{"line":13,"column":4},"end":{"line":26,"column":null}},{"start":{"line":23,"column":11},"end":{"line":26,"column":null}}]},"1":{"loc":{"start":{"line":14,"column":8},"end":{"line":22,"column":null}},"type":"if","locations":[{"start":{"line":14,"column":8},"end":{"line":22,"column":null}},{"start":{"line":19,"column":15},"end":{"line":22,"column":null}}]},"2":{"loc":{"start":{"line":30,"column":4},"end":{"line":34,"column":null}},"type":"if","locations":[{"start":{"line":30,"column":4},"end":{"line":34,"column":null}},{"start":{"line":32,"column":11},"end":{"line":34,"column":null}}]}},"s":{"0":1,"1":1,"2":1,"3":0,"4":0,"5":0,"6":0,"7":0,"8":0,"9":0,"10":0,"11":0,"12":0,"13":0,"14":0,"15":0,"16":1,"17":0,"18":0,"19":0,"20":1},"f":{"0":0,"1":0},"b":{"0":[0,0],"1":[0,0],"2":[0,0]}}
,"/home/matteo2001/Desktop/server_raccolta_latte_backup/src/lib/database.ts": {"path":"/home/matteo2001/Desktop/server_raccolta_latte_backup/src/lib/database.ts","statementMap":{"0":{"start":{"line":1,"column":0},"end":{"line":1,"column":41}},"1":{"start":{"line":2,"column":0},"end":{"line":2,"column":29}},"2":{"start":{"line":3,"column":0},"end":{"line":3,"column":27}},"3":{"start":{"line":54,"column":25},"end":{"line":54,"column":27}},"4":{"start":{"line":9,"column":4},"end":{"line":16,"column":null}},"5":{"start":{"line":10,"column":8},"end":{"line":10,"column":null}},"6":{"start":{"line":11,"column":8},"end":{"line":11,"column":null}},"7":{"start":{"line":12,"column":8},"end":{"line":12,"column":null}},"8":{"start":{"line":14,"column":8},"end":{"line":14,"column":null}},"9":{"start":{"line":15,"column":8},"end":{"line":15,"column":null}},"10":{"start":{"line":54,"column":9},"end":{"line":54,"column":16}},"11":{"start":{"line":20,"column":4},"end":{"line":20,"column":null}},"12":{"start":{"line":54,"column":18},"end":{"line":54,"column":23}},"13":{"start":{"line":24,"column":22},"end":{"line":24,"column":24}},"14":{"start":{"line":25,"column":4},"end":{"line":27,"column":null}},"15":{"start":{"line":26,"column":8},"end":{"line":26,"column":null}},"16":{"start":{"line":28,"column":4},"end":{"line":28,"column":null}},"17":{"start":{"line":32,"column":27},"end":{"line":32,"column":49}},"18":{"start":{"line":33,"column":4},"end":{"line":33,"column":null}},"19":{"start":{"line":54,"column":29},"end":{"line":54,"column":36}},"20":{"start":{"line":37,"column":4},"end":{"line":37,"column":null}},"21":{"start":{"line":54,"column":38},"end":{"line":54,"column":45}},"22":{"start":{"line":41,"column":4},"end":{"line":41,"column":null}},"23":{"start":{"line":54,"column":47},"end":{"line":54,"column":55}},"24":{"start":{"line":45,"column":27},"end":{"line":45,"column":49}},"25":{"start":{"line":46,"column":4},"end":{"line":46,"column":null}},"26":{"start":{"line":54,"column":57},"end":{"line":54,"column":67}},"27":{"start":{"line":50,"column":4},"end":{"line":50,"column":null}},"28":{"start":{"line":54,"column":69},"end":{"line":54,"column":79}}},"fnMap":{"0":{"name":"connect","decl":{"start":{"line":8,"column":15},"end":{"line":8,"column":22}},"loc":{"start":{"line":8,"column":66},"end":{"line":17,"column":null}}},"1":{"name":"close","decl":{"start":{"line":19,"column":15},"end":{"line":19,"column":20}},"loc":{"start":{"line":19,"column":20},"end":{"line":21,"column":null}}},"2":{"name":"generateHash","decl":{"start":{"line":23,"column":9},"end":{"line":23,"column":21}},"loc":{"start":{"line":23,"column":38},"end":{"line":29,"column":1}}},"3":{"name":"addUser","decl":{"start":{"line":31,"column":15},"end":{"line":31,"column":22}},"loc":{"start":{"line":31,"column":73},"end":{"line":34,"column":null}}},"4":{"name":"getUser","decl":{"start":{"line":36,"column":15},"end":{"line":36,"column":22}},"loc":{"start":{"line":36,"column":39},"end":{"line":38,"column":null}}},"5":{"name":"getUsers","decl":{"start":{"line":40,"column":15},"end":{"line":40,"column":23}},"loc":{"start":{"line":40,"column":23},"end":{"line":42,"column":null}}},"6":{"name":"updateUser","decl":{"start":{"line":44,"column":15},"end":{"line":44,"column":25}},"loc":{"start":{"line":44,"column":76},"end":{"line":47,"column":null}}},"7":{"name":"deleteUser","decl":{"start":{"line":49,"column":15},"end":{"line":49,"column":25}},"loc":{"start":{"line":49,"column":42},"end":{"line":51,"column":null}}}},"branchMap":{"0":{"loc":{"start":{"line":25,"column":4},"end":{"line":27,"column":null}},"type":"if","locations":[{"start":{"line":25,"column":4},"end":{"line":27,"column":null}}]}},"s":{"0":1,"1":1,"2":1,"3":1,"4":1,"5":1,"6":1,"7":0,"8":0,"9":0,"10":1,"11":0,"12":1,"13":0,"14":0,"15":0,"16":0,"17":0,"18":0,"19":1,"20":0,"21":1,"22":0,"23":1,"24":0,"25":0,"26":1,"27":0,"28":1},"f":{"0":1,"1":0,"2":0,"3":0,"4":0,"5":0,"6":0,"7":0},"b":{"0":[0]}}
,"/home/matteo2001/Desktop/server_raccolta_latte_backup/src/lib/logger.ts": {"path":"/home/matteo2001/Desktop/server_raccolta_latte_backup/src/lib/logger.ts","statementMap":{"0":{"start":{"line":1,"column":0},"end":{"line":1,"column":29}},"1":{"start":{"line":3,"column":15},"end":{"line":9,"column":null}},"2":{"start":{"line":11,"column":14},"end":{"line":15,"column":1}},"3":{"start":{"line":12,"column":16},"end":{"line":12,"column":53}},"4":{"start":{"line":13,"column":26},"end":{"line":13,"column":47}},"5":{"start":{"line":14,"column":4},"end":{"line":14,"column":null}},"6":{"start":{"line":17,"column":15},"end":{"line":23,"column":null}},"7":{"start":{"line":25,"column":0},"end":{"line":25,"column":null}},"8":{"start":{"line":27,"column":15},"end":{"line":32,"column":null}},"9":{"start":{"line":31,"column":18},"end":{"line":31,"column":68}},"10":{"start":{"line":35,"column":19},"end":{"line":42,"column":null}},"11":{"start":{"line":44,"column":15},"end":{"line":49,"column":2}},"12":{"start":{"line":51,"column":0},"end":{"line":51,"column":null}}},"fnMap":{"0":{"name":"(anonymous_1)","decl":{"start":{"line":11,"column":14},"end":{"line":11,"column":17}},"loc":{"start":{"line":11,"column":19},"end":{"line":15,"column":1}}},"1":{"name":"(anonymous_2)","decl":{"start":{"line":31,"column":8},"end":{"line":31,"column":9}},"loc":{"start":{"line":31,"column":18},"end":{"line":31,"column":68}}}},"branchMap":{"0":{"loc":{"start":{"line":12,"column":16},"end":{"line":12,"column":53}},"type":"binary-expr","locations":[{"start":{"line":12,"column":16},"end":{"line":12,"column":36}},{"start":{"line":12,"column":40},"end":{"line":12,"column":53}}]},"1":{"loc":{"start":{"line":14,"column":11},"end":{"line":14,"column":43}},"type":"cond-expr","locations":[{"start":{"line":14,"column":27},"end":{"line":14,"column":34}},{"start":{"line":14,"column":37},"end":{"line":14,"column":43}}]}},"s":{"0":1,"1":1,"2":1,"3":1,"4":1,"5":1,"6":1,"7":1,"8":1,"9":0,"10":1,"11":1,"12":1},"f":{"0":1,"1":0},"b":{"0":[1,0],"1":[0,1]}}
,"/home/matteo2001/Desktop/server_raccolta_latte_backup/src/lib/morganMiddleware.ts": {"path":"/home/matteo2001/Desktop/server_raccolta_latte_backup/src/lib/morganMiddleware.ts","statementMap":{"0":{"start":{"line":1,"column":0},"end":{"line":1,"column":47}},"1":{"start":{"line":3,"column":0},"end":{"line":3,"column":30}},"2":{"start":{"line":7,"column":30},"end":{"line":10,"column":2}},"3":{"start":{"line":9,"column":24},"end":{"line":9,"column":44}},"4":{"start":{"line":17,"column":13},"end":{"line":20,"column":1}},"5":{"start":{"line":18,"column":16},"end":{"line":18,"column":53}},"6":{"start":{"line":19,"column":4},"end":{"line":19,"column":33}},"7":{"start":{"line":23,"column":25},"end":{"line":31,"column":null}},"8":{"start":{"line":34,"column":0},"end":{"line":34,"column":32}}},"fnMap":{"0":{"name":"(anonymous_1)","decl":{"start":{"line":9,"column":11},"end":{"line":9,"column":12}},"loc":{"start":{"line":9,"column":24},"end":{"line":9,"column":44}}},"1":{"name":"(anonymous_2)","decl":{"start":{"line":17,"column":13},"end":{"line":17,"column":16}},"loc":{"start":{"line":17,"column":18},"end":{"line":20,"column":1}}}},"branchMap":{"0":{"loc":{"start":{"line":18,"column":16},"end":{"line":18,"column":53}},"type":"binary-expr","locations":[{"start":{"line":18,"column":16},"end":{"line":18,"column":36}},{"start":{"line":18,"column":40},"end":{"line":18,"column":53}}]}},"s":{"0":1,"1":1,"2":1,"3":0,"4":1,"5":0,"6":0,"7":1,"8":1},"f":{"0":0,"1":0},"b":{"0":[0,0]}}
,"/home/matteo2001/Desktop/server_raccolta_latte_backup/src/lib/token.ts": {"path":"/home/matteo2001/Desktop/server_raccolta_latte_backup/src/lib/token.ts","statementMap":{"0":{"start":{"line":1,"column":0},"end":{"line":1,"column":43}},"1":{"start":{"line":4,"column":0},"end":{"line":4,"column":29}},"2":{"start":{"line":5,"column":0},"end":{"line":5,"column":36}},"3":{"start":{"line":7,"column":13},"end":{"line":7,"column":15}},"4":{"start":{"line":10,"column":4},"end":{"line":10,"column":null}},"5":{"start":{"line":11,"column":4},"end":{"line":11,"column":null}},"6":{"start":{"line":59,"column":9},"end":{"line":59,"column":28}},"7":{"start":{"line":15,"column":4},"end":{"line":15,"column":null}},"8":{"start":{"line":59,"column":49},"end":{"line":59,"column":58}},"9":{"start":{"line":20,"column":19},"end":{"line":20,"column":47}},"10":{"start":{"line":21,"column":4},"end":{"line":21,"column":null}},"11":{"start":{"line":22,"column":4},"end":{"line":27,"column":null}},"12":{"start":{"line":23,"column":8},"end":{"line":23,"column":null}},"13":{"start":{"line":25,"column":8},"end":{"line":25,"column":null}},"14":{"start":{"line":26,"column":8},"end":{"line":26,"column":15}},"15":{"start":{"line":30,"column":4},"end":{"line":33,"column":null}},"16":{"start":{"line":31,"column":8},"end":{"line":31,"column":null}},"17":{"start":{"line":32,"column":8},"end":{"line":32,"column":null}},"18":{"start":{"line":35,"column":4},"end":{"line":56,"column":null}},"19":{"start":{"line":35,"column":56},"end":{"line":56,"column":6}},"20":{"start":{"line":39,"column":8},"end":{"line":43,"column":null}},"21":{"start":{"line":40,"column":12},"end":{"line":40,"column":null}},"22":{"start":{"line":41,"column":12},"end":{"line":41,"column":null}},"23":{"start":{"line":42,"column":12},"end":{"line":42,"column":null}},"24":{"start":{"line":45,"column":24},"end":{"line":45,"column":52}},"25":{"start":{"line":46,"column":8},"end":{"line":49,"column":null}},"26":{"start":{"line":47,"column":12},"end":{"line":47,"column":null}},"27":{"start":{"line":48,"column":12},"end":{"line":48,"column":null}},"28":{"start":{"line":51,"column":8},"end":{"line":51,"column":null}},"29":{"start":{"line":52,"column":8},"end":{"line":52,"column":null}},"30":{"start":{"line":53,"column":8},"end":{"line":53,"column":null}},"31":{"start":{"line":55,"column":8},"end":{"line":55,"column":null}},"32":{"start":{"line":59,"column":30},"end":{"line":59,"column":47}}},"fnMap":{"0":{"name":"generateAccessToken","decl":{"start":{"line":9,"column":9},"end":{"line":9,"column":28}},"loc":{"start":{"line":9,"column":61},"end":{"line":12,"column":1}}},"1":{"name":"setSecret","decl":{"start":{"line":14,"column":9},"end":{"line":14,"column":18}},"loc":{"start":{"line":14,"column":37},"end":{"line":16,"column":1}}},"2":{"name":"authenticateToken","decl":{"start":{"line":18,"column":15},"end":{"line":18,"column":32}},"loc":{"start":{"line":18,"column":80},"end":{"line":57,"column":null}}},"3":{"name":"(anonymous_12)","decl":{"start":{"line":35,"column":26},"end":{"line":35,"column":33}},"loc":{"start":{"line":35,"column":56},"end":{"line":56,"column":6}}},"4":{"name":"(anonymous_13)","decl":{"start":{"line":35,"column":56},"end":{"line":35,"column":null}},"loc":{"start":{"line":35,"column":56},"end":{"line":56,"column":5}}}},"branchMap":{"0":{"loc":{"start":{"line":22,"column":4},"end":{"line":27,"column":null}},"type":"if","locations":[{"start":{"line":22,"column":4},"end":{"line":27,"column":null}},{"start":{"line":24,"column":11},"end":{"line":27,"column":null}}]},"1":{"loc":{"start":{"line":22,"column":8},"end":{"line":22,"column":44}},"type":"binary-expr","locations":[{"start":{"line":22,"column":8},"end":{"line":22,"column":14}},{"start":{"line":22,"column":18},"end":{"line":22,"column":44}}]},"2":{"loc":{"start":{"line":30,"column":4},"end":{"line":33,"column":null}},"type":"if","locations":[{"start":{"line":30,"column":4},"end":{"line":33,"column":null}}]},"3":{"loc":{"start":{"line":39,"column":8},"end":{"line":43,"column":null}},"type":"if","locations":[{"start":{"line":39,"column":8},"end":{"line":43,"column":null}}]},"4":{"loc":{"start":{"line":46,"column":8},"end":{"line":49,"column":null}},"type":"if","locations":[{"start":{"line":46,"column":8},"end":{"line":49,"column":null}}]}},"s":{"0":1,"1":1,"2":1,"3":1,"4":0,"5":0,"6":1,"7":0,"8":1,"9":0,"10":0,"11":0,"12":0,"13":0,"14":0,"15":0,"16":0,"17":0,"18":0,"19":0,"20":0,"21":0,"22":0,"23":0,"24":0,"25":0,"26":0,"27":0,"28":0,"29":0,"30":0,"31":0,"32":1},"f":{"0":0,"1":0,"2":0,"3":0,"4":0},"b":{"0":[0,0],"1":[0,0],"2":[0],"3":[0],"4":[0]}}
}
