TN:
SF:src/app.ts
FN:34,startServer
FN:47,(anonymous_10)
FN:54,(anonymous_11)
FN:58,(anonymous_12)
FN:58,(anonymous_13)
FN:71,(anonymous_14)
FN:71,(anonymous_15)
FN:76,(anonymous_16)
FN:76,(anonymous_17)
FN:96,(anonymous_18)
FN:96,(anonymous_19)
FN:117,(anonymous_20)
FN:117,(anonymous_21)
FNF:13
FNH:0
FNDA:0,startServer
FNDA:0,(anonymous_10)
FNDA:0,(anonymous_11)
FNDA:0,(anonymous_12)
FNDA:0,(anonymous_13)
FNDA:0,(anonymous_14)
FNDA:0,(anonymous_15)
FNDA:0,(anonymous_16)
FNDA:0,(anonymous_17)
FNDA:0,(anonymous_18)
FNDA:0,(anonymous_19)
FNDA:0,(anonymous_20)
FNDA:0,(anonymous_21)
DA:1,1
DA:2,1
DA:3,1
DA:4,1
DA:5,1
DA:6,1
DA:7,1
DA:8,1
DA:9,1
DA:10,1
DA:11,1
DA:12,1
DA:13,1
DA:14,1
DA:15,1
DA:18,1
DA:21,1
DA:22,1
DA:25,1
DA:26,1
DA:28,1
DA:29,1
DA:30,1
DA:31,1
DA:32,1
DA:36,0
DA:37,0
DA:38,0
DA:39,0
DA:40,0
DA:41,0
DA:42,0
DA:47,1
DA:48,0
DA:49,0
DA:50,0
DA:51,0
DA:54,1
DA:55,0
DA:58,1
DA:59,0
DA:60,0
DA:61,0
DA:63,0
DA:64,0
DA:65,0
DA:66,0
DA:67,0
DA:68,0
DA:71,1
DA:72,0
DA:73,0
DA:76,1
DA:77,0
DA:78,0
DA:79,0
DA:82,0
DA:84,0
DA:85,0
DA:86,0
DA:89,0
DA:90,0
DA:91,0
DA:92,0
DA:93,0
DA:96,1
DA:97,0
DA:99,0
DA:100,0
DA:101,0
DA:104,0
DA:105,0
DA:106,0
DA:110,1
DA:111,0
DA:117,0
DA:118,0
DA:122,1
LF:78
LH:33
BRDA:25,0,0,1
BRDA:25,0,1,0
BRDA:26,1,0,1
BRDA:26,1,1,0
BRDA:37,2,0,0
BRDA:40,3,0,0
BRDA:40,3,1,0
BRDA:59,4,0,0
BRDA:59,5,0,0
BRDA:59,5,1,0
BRDA:59,5,2,0
BRDA:77,6,0,0
BRDA:77,7,0,0
BRDA:77,7,1,0
BRDA:84,8,0,0
BRDA:89,9,0,0
BRDA:89,9,1,0
BRDA:90,10,0,0
BRDA:90,10,1,0
BRDA:99,11,0,0
BRDA:110,12,0,0
BRF:21
BRH:2
end_of_record
TN:
SF:src/lib/auth.ts
FN:8,authenticateUser
FN:29,checkAdmin
FNF:2
FNH:0
FNDA:0,authenticateUser
FNDA:0,checkAdmin
DA:2,1
DA:3,1
DA:4,1
DA:9,0
DA:10,0
DA:12,0
DA:13,0
DA:14,0
DA:15,0
DA:16,0
DA:17,0
DA:18,0
DA:20,0
DA:21,0
DA:24,0
DA:25,0
DA:30,0
DA:31,0
DA:33,0
DA:37,1
LF:20
LH:4
BRDA:13,0,0,0
BRDA:13,0,1,0
BRDA:14,1,0,0
BRDA:14,1,1,0
BRDA:30,2,0,0
BRDA:30,2,1,0
BRF:6
BRH:0
end_of_record
TN:
SF:src/lib/database.ts
FN:8,connect
FN:19,close
FN:23,generateHash
FN:31,addUser
FN:36,getUser
FN:40,getUsers
FN:44,updateUser
FN:49,deleteUser
FNF:8
FNH:1
FNDA:1,connect
FNDA:0,close
FNDA:0,generateHash
FNDA:0,addUser
FNDA:0,getUser
FNDA:0,getUsers
FNDA:0,updateUser
FNDA:0,deleteUser
DA:1,1
DA:2,1
DA:3,1
DA:9,1
DA:10,1
DA:11,1
DA:12,0
DA:14,0
DA:15,0
DA:20,0
DA:24,0
DA:25,0
DA:26,0
DA:28,0
DA:32,0
DA:33,0
DA:37,0
DA:41,0
DA:45,0
DA:46,0
DA:50,0
DA:54,1
LF:22
LH:7
BRDA:25,0,0,0
BRF:1
BRH:0
end_of_record
TN:
SF:src/lib/logger.ts
FN:11,(anonymous_1)
FN:31,(anonymous_2)
FNF:2
FNH:1
FNDA:1,(anonymous_1)
FNDA:0,(anonymous_2)
DA:1,1
DA:3,1
DA:11,1
DA:12,1
DA:13,1
DA:14,1
DA:17,1
DA:25,1
DA:27,1
DA:31,0
DA:35,1
DA:44,1
DA:51,1
LF:13
LH:12
BRDA:12,0,0,1
BRDA:12,0,1,0
BRDA:14,1,0,0
BRDA:14,1,1,1
BRF:4
BRH:2
end_of_record
TN:
SF:src/lib/morganMiddleware.ts
FN:9,(anonymous_1)
FN:17,(anonymous_2)
FNF:2
FNH:0
FNDA:0,(anonymous_1)
FNDA:0,(anonymous_2)
DA:1,1
DA:3,1
DA:7,1
DA:9,0
DA:17,1
DA:18,0
DA:19,0
DA:23,1
DA:34,1
LF:9
LH:6
BRDA:18,0,0,0
BRDA:18,0,1,0
BRF:2
BRH:0
end_of_record
TN:
SF:src/lib/token.ts
FN:9,generateAccessToken
FN:14,setSecret
FN:18,authenticateToken
FN:35,(anonymous_12)
FN:35,(anonymous_13)
FNF:5
FNH:0
FNDA:0,generateAccessToken
FNDA:0,setSecret
FNDA:0,authenticateToken
FNDA:0,(anonymous_12)
FNDA:0,(anonymous_13)
DA:1,1
DA:4,1
DA:5,1
DA:7,1
DA:10,0
DA:11,0
DA:15,0
DA:20,0
DA:21,0
DA:22,0
DA:23,0
DA:25,0
DA:26,0
DA:30,0
DA:31,0
DA:32,0
DA:35,0
DA:39,0
DA:40,0
DA:41,0
DA:42,0
DA:45,0
DA:46,0
DA:47,0
DA:48,0
DA:51,0
DA:52,0
DA:53,0
DA:55,0
DA:59,1
LF:30
LH:5
BRDA:22,0,0,0
BRDA:22,0,1,0
BRDA:22,1,0,0
BRDA:22,1,1,0
BRDA:30,2,0,0
BRDA:39,3,0,0
BRDA:46,4,0,0
BRF:7
BRH:0
end_of_record
